<?xml version="1.0" encoding="UTF-8"?>
<!-- Generated by org.testng.reporters.JUnitXMLReporter -->
<testsuite ignored="4" hostname="LAPTOP-2E8A84ST" failures="0" tests="2" name="Test" time="51.826" errors="0" timestamp="2024-07-01T18:13:21 IST">
  <testcase classname="Campaign.Create_CampaignTest" name="Create_CampaignTest" time="11.449"/>
  <testcase classname="Campaign.Create_Campaign_With_ProductTest" name="Create_Campaign_With_ProductTest" time="21.965"/>
  <testcase classname="Generric_Utilities.BaseClass" name="@AfterSuite afterSuit" time="0.0">
    <ignored/>
  </testcase> <!-- @AfterSuite afterSuit -->
  <testcase classname="Generric_Utilities.BaseClass" name="@BeforeSuite beforeSuit" time="0.0">
    <ignored/>
  </testcase> <!-- @BeforeSuite beforeSuit -->
  <testcase classname="Generric_Utilities.BaseClass" name="@AfterTest afterTest" time="0.0">
    <ignored/>
  </testcase> <!-- @AfterTest afterTest -->
  <testcase classname="Generric_Utilities.BaseClass" name="@BeforeTest beforeTest" time="0.0">
    <ignored/>
  </testcase> <!-- @BeforeTest beforeTest -->
</testsuite> <!-- Test -->
