<?xml version="1.0" encoding="UTF-8"?>
<testng-results ignored="0" total="2" passed="2" failed="0" skipped="0">
  <reporter-output>
  </reporter-output>
  <suite started-at="2024-07-01T18:12:30 IST" name="Suite" finished-at="2024-07-01T18:13:21 IST" duration-ms="51826">
    <groups>
    </groups>
    <test started-at="2024-07-01T18:12:30 IST" name="Test" finished-at="2024-07-01T18:13:21 IST" duration-ms="51826">
      <class name="Campaign.Create_CampaignTest">
        <test-method is-config="true" signature="beforeSuit()[pri:0, instance:Campaign.Create_CampaignTest@1623b78d]" started-at="2024-07-01T18:12:30 IST" name="beforeSuit" finished-at="2024-07-01T18:12:30 IST" duration-ms="26" status="PASS">
          <reporter-output>
          </reporter-output>
        </test-method> <!-- beforeSuit -->
        <test-method is-config="true" signature="beforeTest()[pri:0, instance:Campaign.Create_CampaignTest@1623b78d]" started-at="2024-07-01T18:12:30 IST" name="beforeTest" finished-at="2024-07-01T18:12:30 IST" duration-ms="0" status="PASS">
          <reporter-output>
          </reporter-output>
        </test-method> <!-- beforeTest -->
        <test-method is-config="true" signature="beforeClass()[pri:0, instance:Campaign.Create_CampaignTest@1623b78d]" started-at="2024-07-01T18:12:30 IST" name="beforeClass" finished-at="2024-07-01T18:12:33 IST" duration-ms="2483" status="PASS">
          <reporter-output>
          </reporter-output>
        </test-method> <!-- beforeClass -->
        <test-method is-config="true" signature="beforeMethod()[pri:0, instance:Campaign.Create_CampaignTest@1623b78d]" started-at="2024-07-01T18:12:33 IST" name="beforeMethod" finished-at="2024-07-01T18:12:37 IST" duration-ms="3857" status="PASS">
          <reporter-output>
          </reporter-output>
        </test-method> <!-- beforeMethod -->
        <test-method signature="Create_CampaignTest()[pri:0, instance:Campaign.Create_CampaignTest@1623b78d]" started-at="2024-07-01T18:12:37 IST" name="Create_CampaignTest" finished-at="2024-07-01T18:12:48 IST" duration-ms="11449" status="PASS">
          <reporter-output>
          </reporter-output>
        </test-method> <!-- Create_CampaignTest -->
        <test-method is-config="true" signature="afterMethod()[pri:0, instance:Campaign.Create_CampaignTest@1623b78d]" started-at="2024-07-01T18:12:48 IST" name="afterMethod" finished-at="2024-07-01T18:12:51 IST" duration-ms="2694" status="PASS">
          <reporter-output>
          </reporter-output>
        </test-method> <!-- afterMethod -->
        <test-method is-config="true" signature="afterClass()[pri:0, instance:Campaign.Create_CampaignTest@1623b78d]" started-at="2024-07-01T18:12:51 IST" name="afterClass" finished-at="2024-07-01T18:12:51 IST" duration-ms="239" status="PASS">
          <reporter-output>
          </reporter-output>
        </test-method> <!-- afterClass -->
        <test-method is-config="true" signature="afterTest()[pri:0, instance:Campaign.Create_CampaignTest@1623b78d]" started-at="2024-07-01T18:13:21 IST" name="afterTest" finished-at="2024-07-01T18:13:21 IST" duration-ms="0" status="PASS">
          <reporter-output>
          </reporter-output>
        </test-method> <!-- afterTest -->
        <test-method is-config="true" signature="afterSuit()[pri:0, instance:Campaign.Create_CampaignTest@1623b78d]" started-at="2024-07-01T18:13:22 IST" name="afterSuit" finished-at="2024-07-01T18:13:22 IST" duration-ms="277" status="PASS">
          <reporter-output>
          </reporter-output>
        </test-method> <!-- afterSuit -->
      </class> <!-- Campaign.Create_CampaignTest -->
      <class name="Campaign.Create_Campaign_With_ProductTest">
        <test-method is-config="true" signature="beforeClass()[pri:0, instance:Campaign.Create_Campaign_With_ProductTest@4efbca5a]" started-at="2024-07-01T18:12:51 IST" name="beforeClass" finished-at="2024-07-01T18:12:53 IST" duration-ms="1838" status="PASS">
          <reporter-output>
          </reporter-output>
        </test-method> <!-- beforeClass -->
        <test-method is-config="true" signature="beforeMethod()[pri:0, instance:Campaign.Create_Campaign_With_ProductTest@4efbca5a]" started-at="2024-07-01T18:12:53 IST" name="beforeMethod" finished-at="2024-07-01T18:12:57 IST" duration-ms="4021" status="PASS">
          <reporter-output>
          </reporter-output>
        </test-method> <!-- beforeMethod -->
        <test-method signature="Create_Campaign_With_ProductTest()[pri:0, instance:Campaign.Create_Campaign_With_ProductTest@4efbca5a]" started-at="2024-07-01T18:12:57 IST" name="Create_Campaign_With_ProductTest" finished-at="2024-07-01T18:13:19 IST" duration-ms="21965" status="PASS">
          <reporter-output>
          </reporter-output>
        </test-method> <!-- Create_Campaign_With_ProductTest -->
        <test-method is-config="true" signature="afterMethod()[pri:0, instance:Campaign.Create_Campaign_With_ProductTest@4efbca5a]" started-at="2024-07-01T18:13:19 IST" name="afterMethod" finished-at="2024-07-01T18:13:21 IST" duration-ms="2113" status="PASS">
          <reporter-output>
          </reporter-output>
        </test-method> <!-- afterMethod -->
        <test-method is-config="true" signature="afterClass()[pri:0, instance:Campaign.Create_Campaign_With_ProductTest@4efbca5a]" started-at="2024-07-01T18:13:21 IST" name="afterClass" finished-at="2024-07-01T18:13:21 IST" duration-ms="592" status="PASS">
          <reporter-output>
          </reporter-output>
        </test-method> <!-- afterClass -->
      </class> <!-- Campaign.Create_Campaign_With_ProductTest -->
    </test> <!-- Test -->
  </suite> <!-- Suite -->
</testng-results>
